c:\users\yash\desktop\fs-lab-mini-final (2)\fs-lab-mini-final\fs-lab-mini-project-master\project1\x64\debug\vc143.pdb
c:\users\yash\desktop\fs-lab-mini-final (2)\fs-lab-mini-final\fs-lab-mini-project-master\project1\x64\debug\.netframework,version=v4.7.2.assemblyattributes.obj
c:\users\yash\desktop\fs-lab-mini-final (2)\fs-lab-mini-final\fs-lab-mini-project-master\project1\x64\debug\myform2.obj
c:\users\yash\desktop\fs-lab-mini-final (2)\fs-lab-mini-final\fs-lab-mini-project-master\project1\x64\debug\myform1.obj
c:\users\yash\desktop\fs-lab-mini-final (2)\fs-lab-mini-final\fs-lab-mini-project-master\project1\x64\debug\myform.obj
c:\users\yash\desktop\fs-lab-mini-final (2)\fs-lab-mini-final\fs-lab-mini-project-master\project1\x64\debug\details.obj
c:\users\yash\desktop\fs-lab-mini-final (2)\fs-lab-mini-final\fs-lab-mini-project-master\x64\debug\project1.exe
c:\users\yash\desktop\fs-lab-mini-final (2)\fs-lab-mini-final\fs-lab-mini-project-master\x64\debug\project1.pdb
c:\users\yash\desktop\fs-lab-mini-final (2)\fs-lab-mini-final\fs-lab-mini-project-master\project1\x64\debug\project1.tlog\cl.command.1.tlog
c:\users\yash\desktop\fs-lab-mini-final (2)\fs-lab-mini-final\fs-lab-mini-project-master\project1\x64\debug\project1.tlog\cl.items.tlog
c:\users\yash\desktop\fs-lab-mini-final (2)\fs-lab-mini-final\fs-lab-mini-project-master\project1\x64\debug\project1.tlog\cl.read.1.tlog
c:\users\yash\desktop\fs-lab-mini-final (2)\fs-lab-mini-final\fs-lab-mini-project-master\project1\x64\debug\project1.tlog\cl.write.1.tlog
c:\users\yash\desktop\fs-lab-mini-final (2)\fs-lab-mini-final\fs-lab-mini-project-master\project1\x64\debug\project1.tlog\link.command.1.tlog
c:\users\yash\desktop\fs-lab-mini-final (2)\fs-lab-mini-final\fs-lab-mini-project-master\project1\x64\debug\project1.tlog\link.read.1.tlog
c:\users\yash\desktop\fs-lab-mini-final (2)\fs-lab-mini-final\fs-lab-mini-project-master\project1\x64\debug\project1.tlog\link.write.1.tlog
c:\users\yash\desktop\fs-lab-mini-final (2)\fs-lab-mini-final\fs-lab-mini-project-master\project1\x64\debug\project1.tlog\metagen.read.1.tlog
c:\users\yash\desktop\fs-lab-mini-final (2)\fs-lab-mini-final\fs-lab-mini-project-master\project1\x64\debug\project1.tlog\metagen.write.1.tlog
c:\users\yash\desktop\fs-lab-mini-final (2)\fs-lab-mini-final\fs-lab-mini-project-master\project1\x64\debug\project1.tlog\resgen.command.1.tlog
c:\users\yash\desktop\fs-lab-mini-final (2)\fs-lab-mini-final\fs-lab-mini-project-master\project1\x64\debug\project1.tlog\resgen.read.1.tlog
c:\users\yash\desktop\fs-lab-mini-final (2)\fs-lab-mini-final\fs-lab-mini-project-master\project1\x64\debug\project1.tlog\resgen.write.1.tlog
